<?xml version="1.0" encoding="UTF-8" ?>
<testsuite errors="0" failures="1" hostname="DESKTOP-7RHMUH3" name="ValoresTest" skipped="0" tests="2" time="0.068" timestamp="2023-03-27T19:19:47">
  <properties>
[...]
</properties>
  <testcase classname="ValoresTest" name="testDel" time="0.004">
    <failure message="expected:&lt;152&gt; but was:&lt;-1&gt;" type="junit.framework.AssertionFailedError">junit.framework.AssertionFailedError: expected:&lt;152&gt; but was:&lt;-1&gt;
	at ValoresTest.testDel(Unknown Source)
	at java.base/jdk.internal.reflect.NativeMethodAccessorImpl.invoke0(Native Method)
	at java.base/jdk.internal.reflect.NativeMethodAccessorImpl.invoke(NativeMethodAccessorImpl.java:77)
	at java.base/jdk.internal.reflect.DelegatingMethodAccessorImpl.invoke(DelegatingMethodAccessorImpl.java:43)
</failure>
  </testcase>
  <testcase classname="ValoresTest" name="testIns" time="0.0" />
  <system-out><![CDATA[]]></system-out>
  <system-err><![CDATA[]]></system-err>
</testsuite>
